# JRE version: OpenJDK Runtime Environment Temurin-17.0.5+8 (17.0.5+8) (build 17.0.5+8)
# Java VM: OpenJDK 64-Bit Server VM Temurin-17.0.5+8 (17.0.5+8, mixed mode, sharing, tiered, compressed oops, compressed class ptrs, g1 gc, windows-amd64)
GC Precious Log:
 CPUs: 16 total, 16 available
 Memory: 15747M
 Large Page Support: Disabled
 NUMA Support: Disabled
 Compressed Oops: Enabled (Zero based)
 Heap Region Size: 2M
 Heap Min Capacity: 8M
 Heap Initial Capacity: 248M
 Heap Max Capacity: 3938M
 Pre-touch: Disabled
 Parallel Workers: 13
 Concurrent Workers: 3
 Concurrent Refinement Workers: 13
 Periodic GC: Disabled
Heap:
 garbage-first heap   total 378880K, used 279090K [0x0000000709e00000, 0x0000000800000000)
  region size 2048K, 63 young (129024K), 3 survivors (6144K)
 Metaspace       used 66166K, committed 67328K, reserved 1114112K
  class space    used 9793K, committed 10304K, reserved 1048576K
GC Heap History (20 events):
Event: 8.400 GC heap before
{Heap before GC invocations=12 (full 0):
 garbage-first heap   total 239616K, used 204586K [0x0000000709e00000, 0x0000000800000000)
  region size 2048K, 61 young (124928K), 2 survivors (4096K)
 Metaspace       used 32507K, committed 33344K, reserved 1081344K
  class space    used 3984K, committed 4352K, reserved 1048576K
}
Event: 8.405 GC heap after
{Heap after GC invocations=13 (full 0):
 garbage-first heap   total 239616K, used 88047K [0x0000000709e00000, 0x0000000800000000)
  region size 2048K, 3 young (6144K), 3 survivors (6144K)
 Metaspace       used 32507K, committed 33344K, reserved 1081344K
  class space    used 3984K, committed 4352K, reserved 1048576K
}
Event: 8.832 GC heap before
{Heap before GC invocations=13 (full 0):
 garbage-first heap   total 239616K, used 198639K [0x0000000709e00000, 0x0000000800000000)
  region size 2048K, 57 young (116736K), 3 survivors (6144K)
 Metaspace       used 32862K, committed 33792K, reserved 1081344K
  class space    used 4042K, committed 4480K, reserved 1048576K
}
Event: 8.838 GC heap after
{Heap after GC invocations=14 (full 0):
 garbage-first heap   total 239616K, used 90500K [0x0000000709e00000, 0x0000000800000000)
  region size 2048K, 5 young (10240K), 5 survivors (10240K)
 Metaspace       used 32862K, committed 33792K, reserved 1081344K
  class space    used 4042K, committed 4480K, reserved 1048576K
}
Event: 9.181 GC heap before
{Heap before GC invocations=14 (full 0):
 garbage-first heap   total 239616K, used 199044K [0x0000000709e00000, 0x0000000800000000)
  region size 2048K, 58 young (118784K), 5 survivors (10240K)
 Metaspace       used 34620K, committed 35520K, reserved 1081344K
  class space    used 4206K, committed 4608K, reserved 1048576K
}
Event: 9.189 GC heap after
{Heap after GC invocations=15 (full 0):
 garbage-first heap   total 575488K, used 92047K [0x0000000709e00000, 0x0000000800000000)
  region size 2048K, 5 young (10240K), 5 survivors (10240K)
 Metaspace       used 34620K, committed 35520K, reserved 1081344K
  class space    used 4206K, committed 4608K, reserved 1048576K
}
Event: 9.301 GC heap before
{Heap before GC invocations=15 (full 0):
 garbage-first heap   total 575488K, used 126863K [0x0000000709e00000, 0x0000000800000000)
  region size 2048K, 23 young (47104K), 5 survivors (10240K)
 Metaspace       used 35058K, committed 35968K, reserved 1081344K
  class space    used 4244K, committed 4672K, reserved 1048576K
}
Event: 9.309 GC heap after
{Heap after GC invocations=16 (full 0):
 garbage-first heap   total 575488K, used 91939K [0x0000000709e00000, 0x0000000800000000)
  region size 2048K, 5 young (10240K), 5 survivors (10240K)
 Metaspace       used 35058K, committed 35968K, reserved 1081344K
  class space    used 4244K, committed 4672K, reserved 1048576K
}
Event: 11.572 GC heap before
{Heap before GC invocations=17 (full 0):
 garbage-first heap   total 315392K, used 270115K [0x0000000709e00000, 0x0000000800000000)
  region size 2048K, 92 young (188416K), 5 survivors (10240K)
 Metaspace       used 42270K, committed 43200K, reserved 1089536K
  class space    used 5461K, committed 5888K, reserved 1048576K
}
Event: 11.585 GC heap after
{Heap after GC invocations=18 (full 0):
 garbage-first heap   total 315392K, used 102337K [0x0000000709e00000, 0x0000000800000000)
  region size 2048K, 10 young (20480K), 10 survivors (20480K)
 Metaspace       used 42270K, committed 43200K, reserved 1089536K
  class space    used 5461K, committed 5888K, reserved 1048576K
}
Event: 12.254 GC heap before
{Heap before GC invocations=18 (full 0):
 garbage-first heap   total 315392K, used 260033K [0x0000000709e00000, 0x0000000800000000)
  region size 2048K, 87 young (178176K), 10 survivors (20480K)
 Metaspace       used 43256K, committed 44224K, reserved 1089536K
  class space    used 5638K, committed 6080K, reserved 1048576K
}
Event: 12.280 GC heap after
{Heap after GC invocations=19 (full 0):
 garbage-first heap   total 315392K, used 118062K [0x0000000709e00000, 0x0000000800000000)
  region size 2048K, 11 young (22528K), 11 survivors (22528K)
 Metaspace       used 43256K, committed 44224K, reserved 1089536K
  class space    used 5638K, committed 6080K, reserved 1048576K
}
Event: 13.320 GC heap before
{Heap before GC invocations=19 (full 0):
 garbage-first heap   total 315392K, used 255278K [0x0000000709e00000, 0x0000000800000000)
  region size 2048K, 78 young (159744K), 11 survivors (22528K)
 Metaspace       used 46115K, committed 47040K, reserved 1089536K
  class space    used 6101K, committed 6528K, reserved 1048576K
}
Event: 13.335 GC heap after
{Heap after GC invocations=20 (full 0):
 garbage-first heap   total 315392K, used 130943K [0x0000000709e00000, 0x0000000800000000)
  region size 2048K, 6 young (12288K), 6 survivors (12288K)
 Metaspace       used 46115K, committed 47040K, reserved 1089536K
  class space    used 6101K, committed 6528K, reserved 1048576K
}
Event: 14.801 GC heap before
{Heap before GC invocations=20 (full 0):
 garbage-first heap   total 315392K, used 255871K [0x0000000709e00000, 0x0000000800000000)
  region size 2048K, 67 young (137216K), 6 survivors (12288K)
 Metaspace       used 53407K, committed 54400K, reserved 1097728K
  class space    used 7544K, committed 8000K, reserved 1048576K
}
Event: 14.816 GC heap after
{Heap after GC invocations=21 (full 0):
 garbage-first heap   total 315392K, used 151155K [0x0000000709e00000, 0x0000000800000000)
  region size 2048K, 9 young (18432K), 9 survivors (18432K)
 Metaspace       used 53407K, committed 54400K, reserved 1097728K
  class space    used 7544K, committed 8000K, reserved 1048576K
}
Event: 15.760 GC heap before
{Heap before GC invocations=21 (full 0):
 garbage-first heap   total 315392K, used 249459K [0x0000000709e00000, 0x0000000800000000)
  region size 2048K, 57 young (116736K), 9 survivors (18432K)
 Metaspace       used 58688K, committed 59776K, reserved 1105920K
  class space    used 8576K, committed 9088K, reserved 1048576K
}
Event: 15.772 GC heap after
{Heap after GC invocations=22 (full 0):
 garbage-first heap   total 315392K, used 158478K [0x0000000709e00000, 0x0000000800000000)
  region size 2048K, 3 young (6144K), 3 survivors (6144K)
 Metaspace       used 58688K, committed 59776K, reserved 1105920K
  class space    used 8576K, committed 9088K, reserved 1048576K
}
Event: 15.865 GC heap before
{Heap before GC invocations=22 (full 0):
 garbage-first heap   total 315392K, used 176910K [0x0000000709e00000, 0x0000000800000000)
  region size 2048K, 13 young (26624K), 3 survivors (6144K)
 Metaspace       used 59087K, committed 60160K, reserved 1105920K
  class space    used 8655K, committed 9152K, reserved 1048576K
}
Event: 15.868 GC heap after
{Heap after GC invocations=23 (full 0):
 garbage-first heap   total 378880K, used 158258K [0x0000000709e00000, 0x0000000800000000)
  region size 2048K, 3 young (6144K), 3 survivors (6144K)
 Metaspace       used 59087K, committed 60160K, reserved 1105920K
  class space    used 8655K, committed 9152K, reserved 1048576K
}

