# JRE version: OpenJDK Runtime Environment Temurin-17.0.5+8 (17.0.5+8) (build 17.0.5+8)
# Java VM: OpenJDK 64-Bit Server VM Temurin-17.0.5+8 (17.0.5+8, mixed mode, sharing, tiered, compressed oops, compressed class ptrs, g1 gc, windows-amd64)
GC Precious Log:
 CPUs: 16 total, 16 available
 Memory: 15747M
 Large Page Support: Disabled
 NUMA Support: Disabled
 Compressed Oops: Enabled (Zero based)
 Heap Region Size: 2M
 Heap Min Capacity: 8M
 Heap Initial Capacity: 248M
 Heap Max Capacity: 3938M
 Pre-touch: Disabled
 Parallel Workers: 13
 Concurrent Workers: 3
 Concurrent Refinement Workers: 13
 Periodic GC: Disabled
Heap:
 garbage-first heap   total 432128K, used 170754K [0x0000000709e00000, 0x0000000800000000)
  region size 2048K, 8 young (16384K), 3 survivors (6144K)
 Metaspace       used 70973K, committed 72128K, reserved 1114112K
  class space    used 9752K, committed 10304K, reserved 1048576K
GC Heap History (20 events):
Event: 7.730 GC heap before
{Heap before GC invocations=15 (full 0):
 garbage-first heap   total 256000K, used 123173K [0x0000000709e00000, 0x0000000800000000)
  region size 2048K, 23 young (47104K), 5 survivors (10240K)
 Metaspace       used 35315K, committed 36160K, reserved 1081344K
  class space    used 4285K, committed 4672K, reserved 1048576K
}
Event: 7.735 GC heap after
{Heap after GC invocations=16 (full 0):
 garbage-first heap   total 256000K, used 90999K [0x0000000709e00000, 0x0000000800000000)
  region size 2048K, 5 young (10240K), 5 survivors (10240K)
 Metaspace       used 35315K, committed 36160K, reserved 1081344K
  class space    used 4285K, committed 4672K, reserved 1048576K
}
Event: 8.575 GC heap before
{Heap before GC invocations=17 (full 0):
 garbage-first heap   total 256000K, used 213879K [0x0000000709e00000, 0x0000000800000000)
  region size 2048K, 66 young (135168K), 5 survivors (10240K)
 Metaspace       used 42294K, committed 43264K, reserved 1089536K
  class space    used 5377K, committed 5824K, reserved 1048576K
}
Event: 8.585 GC heap after
{Heap after GC invocations=18 (full 0):
 garbage-first heap   total 256000K, used 97313K [0x0000000709e00000, 0x0000000800000000)
  region size 2048K, 8 young (16384K), 8 survivors (16384K)
 Metaspace       used 42294K, committed 43264K, reserved 1089536K
  class space    used 5377K, committed 5824K, reserved 1048576K
}
Event: 8.960 GC heap before
{Heap before GC invocations=18 (full 0):
 garbage-first heap   total 256000K, used 212001K [0x0000000709e00000, 0x0000000800000000)
  region size 2048K, 64 young (131072K), 8 survivors (16384K)
 Metaspace       used 43590K, committed 44544K, reserved 1089536K
  class space    used 5547K, committed 5952K, reserved 1048576K
}
Event: 8.980 GC heap after
{Heap after GC invocations=19 (full 0):
 garbage-first heap   total 256000K, used 108628K [0x0000000709e00000, 0x0000000800000000)
  region size 2048K, 8 young (16384K), 8 survivors (16384K)
 Metaspace       used 43590K, committed 44544K, reserved 1089536K
  class space    used 5547K, committed 5952K, reserved 1048576K
}
Event: 9.168 GC heap before
{Heap before GC invocations=19 (full 0):
 garbage-first heap   total 256000K, used 208980K [0x0000000709e00000, 0x0000000800000000)
  region size 2048K, 57 young (116736K), 8 survivors (16384K)
 Metaspace       used 43822K, committed 44800K, reserved 1089536K
  class space    used 5583K, committed 6016K, reserved 1048576K
}
Event: 9.187 GC heap after
{Heap after GC invocations=20 (full 0):
 garbage-first heap   total 307200K, used 120863K [0x0000000709e00000, 0x0000000800000000)
  region size 2048K, 6 young (12288K), 6 survivors (12288K)
 Metaspace       used 43822K, committed 44800K, reserved 1089536K
  class space    used 5583K, committed 6016K, reserved 1048576K
}
Event: 9.755 GC heap before
{Heap before GC invocations=20 (full 0):
 garbage-first heap   total 307200K, used 247839K [0x0000000709e00000, 0x0000000800000000)
  region size 2048K, 68 young (139264K), 6 survivors (12288K)
 Metaspace       used 47751K, committed 48704K, reserved 1097728K
  class space    used 6097K, committed 6528K, reserved 1048576K
}
Event: 9.765 GC heap after
{Heap after GC invocations=21 (full 0):
 garbage-first heap   total 307200K, used 131387K [0x0000000709e00000, 0x0000000800000000)
  region size 2048K, 5 young (10240K), 5 survivors (10240K)
 Metaspace       used 47751K, committed 48704K, reserved 1097728K
  class space    used 6097K, committed 6528K, reserved 1048576K
}
Event: 10.731 GC heap before
{Heap before GC invocations=21 (full 0):
 garbage-first heap   total 307200K, used 248123K [0x0000000709e00000, 0x0000000800000000)
  region size 2048K, 62 young (126976K), 5 survivors (10240K)
 Metaspace       used 56063K, committed 57024K, reserved 1105920K
  class space    used 7505K, committed 7936K, reserved 1048576K
}
Event: 10.744 GC heap after
{Heap after GC invocations=22 (full 0):
 garbage-first heap   total 307200K, used 151055K [0x0000000709e00000, 0x0000000800000000)
  region size 2048K, 8 young (16384K), 8 survivors (16384K)
 Metaspace       used 56063K, committed 57024K, reserved 1105920K
  class space    used 7505K, committed 7936K, reserved 1048576K
}
Event: 11.103 GC heap before
{Heap before GC invocations=22 (full 0):
 garbage-first heap   total 307200K, used 187919K [0x0000000709e00000, 0x0000000800000000)
  region size 2048K, 27 young (55296K), 8 survivors (16384K)
 Metaspace       used 59753K, committed 60736K, reserved 1105920K
  class space    used 8125K, committed 8576K, reserved 1048576K
}
Event: 11.111 GC heap after
{Heap after GC invocations=23 (full 0):
 garbage-first heap   total 307200K, used 155389K [0x0000000709e00000, 0x0000000800000000)
  region size 2048K, 2 young (4096K), 2 survivors (4096K)
 Metaspace       used 59753K, committed 60736K, reserved 1105920K
  class space    used 8125K, committed 8576K, reserved 1048576K
}
Event: 11.730 GC heap before
{Heap before GC invocations=24 (full 0):
 garbage-first heap   total 307200K, used 247549K [0x0000000709e00000, 0x0000000800000000)
  region size 2048K, 47 young (96256K), 2 survivors (4096K)
 Metaspace       used 63632K, committed 64704K, reserved 1105920K
  class space    used 8782K, committed 9280K, reserved 1048576K
}
Event: 11.735 GC heap after
{Heap after GC invocations=25 (full 0):
 garbage-first heap   total 307200K, used 158225K [0x0000000709e00000, 0x0000000800000000)
  region size 2048K, 3 young (6144K), 3 survivors (6144K)
 Metaspace       used 63632K, committed 64704K, reserved 1105920K
  class space    used 8782K, committed 9280K, reserved 1048576K
}
Event: 11.804 GC heap before
{Heap before GC invocations=25 (full 0):
 garbage-first heap   total 307200K, used 164369K [0x0000000709e00000, 0x0000000800000000)
  region size 2048K, 7 young (14336K), 3 survivors (6144K)
 Metaspace       used 64336K, committed 65408K, reserved 1105920K
  class space    used 8873K, committed 9344K, reserved 1048576K
}
Event: 11.808 GC heap after
{Heap after GC invocations=26 (full 0):
 garbage-first heap   total 307200K, used 157974K [0x0000000709e00000, 0x0000000800000000)
  region size 2048K, 1 young (2048K), 1 survivors (2048K)
 Metaspace       used 64336K, committed 65408K, reserved 1105920K
  class space    used 8873K, committed 9344K, reserved 1048576K
}
Event: 12.458 GC heap before
{Heap before GC invocations=26 (full 0):
 garbage-first heap   total 307200K, used 250134K [0x0000000709e00000, 0x0000000800000000)
  region size 2048K, 46 young (94208K), 1 survivors (2048K)
 Metaspace       used 70395K, committed 71552K, reserved 1114112K
  class space    used 9654K, committed 10176K, reserved 1048576K
}
Event: 12.463 GC heap after
{Heap after GC invocations=27 (full 0):
 garbage-first heap   total 432128K, used 162562K [0x0000000709e00000, 0x0000000800000000)
  region size 2048K, 3 young (6144K), 3 survivors (6144K)
 Metaspace       used 70395K, committed 71552K, reserved 1114112K
  class space    used 9654K, committed 10176K, reserved 1048576K
}

