# JRE version: OpenJDK Runtime Environment Temurin-17.0.5+8 (17.0.5+8) (build 17.0.5+8)
# Java VM: OpenJDK 64-Bit Server VM Temurin-17.0.5+8 (17.0.5+8, mixed mode, sharing, tiered, compressed oops, compressed class ptrs, g1 gc, windows-amd64)
GC Precious Log:
 CPUs: 16 total, 16 available
 Memory: 15747M
 Large Page Support: Disabled
 NUMA Support: Disabled
 Compressed Oops: Enabled (Zero based)
 Heap Region Size: 2M
 Heap Min Capacity: 8M
 Heap Initial Capacity: 248M
 Heap Max Capacity: 3938M
 Pre-touch: Disabled
 Parallel Workers: 13
 Concurrent Workers: 3
 Concurrent Refinement Workers: 13
 Periodic GC: Disabled
Heap:
 garbage-first heap   total 391168K, used 224472K [0x0000000709e00000, 0x0000000800000000)
  region size 2048K, 34 young (69632K), 2 survivors (4096K)
 Metaspace       used 71139K, committed 72320K, reserved 1114112K
  class space    used 9768K, committed 10304K, reserved 1048576K
GC Heap History (20 events):
Event: 6.497 GC heap before
{Heap before GC invocations=12 (full 0):
 garbage-first heap   total 294912K, used 252138K [0x0000000709e00000, 0x0000000800000000)
  region size 2048K, 83 young (169984K), 3 survivors (6144K)
 Metaspace       used 32153K, committed 33088K, reserved 1081344K
  class space    used 3984K, committed 4416K, reserved 1048576K
}
Event: 6.502 GC heap after
{Heap after GC invocations=13 (full 0):
 garbage-first heap   total 294912K, used 91874K [0x0000000709e00000, 0x0000000800000000)
  region size 2048K, 5 young (10240K), 5 survivors (10240K)
 Metaspace       used 32153K, committed 33088K, reserved 1081344K
  class space    used 3984K, committed 4416K, reserved 1048576K
}
Event: 7.174 GC heap before
{Heap before GC invocations=13 (full 0):
 garbage-first heap   total 294912K, used 210658K [0x0000000709e00000, 0x0000000800000000)
  region size 2048K, 65 young (133120K), 5 survivors (10240K)
 Metaspace       used 35098K, committed 35968K, reserved 1081344K
  class space    used 4267K, committed 4672K, reserved 1048576K
}
Event: 7.180 GC heap after
{Heap after GC invocations=14 (full 0):
 garbage-first heap   total 294912K, used 93493K [0x0000000709e00000, 0x0000000800000000)
  region size 2048K, 5 young (10240K), 5 survivors (10240K)
 Metaspace       used 35098K, committed 35968K, reserved 1081344K
  class space    used 4267K, committed 4672K, reserved 1048576K
}
Event: 8.146 GC heap before
{Heap before GC invocations=15 (full 0):
 garbage-first heap   total 294912K, used 245045K [0x0000000709e00000, 0x0000000800000000)
  region size 2048K, 79 young (161792K), 5 survivors (10240K)
 Metaspace       used 42554K, committed 43520K, reserved 1089536K
  class space    used 5410K, committed 5824K, reserved 1048576K
}
Event: 8.156 GC heap after
{Heap after GC invocations=16 (full 0):
 garbage-first heap   total 294912K, used 102265K [0x0000000709e00000, 0x0000000800000000)
  region size 2048K, 10 young (20480K), 10 survivors (20480K)
 Metaspace       used 42554K, committed 43520K, reserved 1089536K
  class space    used 5410K, committed 5824K, reserved 1048576K
}
Event: 8.602 GC heap before
{Heap before GC invocations=16 (full 0):
 garbage-first heap   total 294912K, used 239481K [0x0000000709e00000, 0x0000000800000000)
  region size 2048K, 77 young (157696K), 10 survivors (20480K)
 Metaspace       used 43951K, committed 44928K, reserved 1089536K
  class space    used 5601K, committed 6016K, reserved 1048576K
}
Event: 8.627 GC heap after
{Heap after GC invocations=17 (full 0):
 garbage-first heap   total 294912K, used 115939K [0x0000000709e00000, 0x0000000800000000)
  region size 2048K, 10 young (20480K), 10 survivors (20480K)
 Metaspace       used 43951K, committed 44928K, reserved 1089536K
  class space    used 5601K, committed 6016K, reserved 1048576K
}
Event: 8.902 GC heap before
{Heap before GC invocations=17 (full 0):
 garbage-first heap   total 294912K, used 236771K [0x0000000709e00000, 0x0000000800000000)
  region size 2048K, 69 young (141312K), 10 survivors (20480K)
 Metaspace       used 44743K, committed 45696K, reserved 1089536K
  class space    used 5684K, committed 6080K, reserved 1048576K
}
Event: 8.917 GC heap after
{Heap after GC invocations=18 (full 0):
 garbage-first heap   total 294912K, used 130420K [0x0000000709e00000, 0x0000000800000000)
  region size 2048K, 7 young (14336K), 7 survivors (14336K)
 Metaspace       used 44743K, committed 45696K, reserved 1089536K
  class space    used 5684K, committed 6080K, reserved 1048576K
}
Event: 9.525 GC heap before
{Heap before GC invocations=18 (full 0):
 garbage-first heap   total 294912K, used 236916K [0x0000000709e00000, 0x0000000800000000)
  region size 2048K, 59 young (120832K), 7 survivors (14336K)
 Metaspace       used 50306K, committed 51264K, reserved 1097728K
  class space    used 6446K, committed 6848K, reserved 1048576K
}
Event: 9.541 GC heap after
{Heap after GC invocations=19 (full 0):
 garbage-first heap   total 294912K, used 146162K [0x0000000709e00000, 0x0000000800000000)
  region size 2048K, 8 young (16384K), 8 survivors (16384K)
 Metaspace       used 50306K, committed 51264K, reserved 1097728K
  class space    used 6446K, committed 6848K, reserved 1048576K
}
Event: 10.242 GC heap before
{Heap before GC invocations=19 (full 0):
 garbage-first heap   total 294912K, used 234226K [0x0000000709e00000, 0x0000000800000000)
  region size 2048K, 51 young (104448K), 8 survivors (16384K)
 Metaspace       used 57921K, committed 58880K, reserved 1105920K
  class space    used 7838K, committed 8256K, reserved 1048576K
}
Event: 10.253 GC heap after
{Heap after GC invocations=20 (full 0):
 garbage-first heap   total 391168K, used 156111K [0x0000000709e00000, 0x0000000800000000)
  region size 2048K, 5 young (10240K), 5 survivors (10240K)
 Metaspace       used 57921K, committed 58880K, reserved 1105920K
  class space    used 7838K, committed 8256K, reserved 1048576K
}
Event: 10.385 GC heap before
{Heap before GC invocations=20 (full 0):
 garbage-first heap   total 391168K, used 168399K [0x0000000709e00000, 0x0000000800000000)
  region size 2048K, 12 young (24576K), 5 survivors (10240K)
 Metaspace       used 59201K, committed 60160K, reserved 1105920K
  class space    used 8038K, committed 8448K, reserved 1048576K
}
Event: 10.393 GC heap after
{Heap after GC invocations=21 (full 0):
 garbage-first heap   total 391168K, used 155949K [0x0000000709e00000, 0x0000000800000000)
  region size 2048K, 5 young (10240K), 5 survivors (10240K)
 Metaspace       used 59201K, committed 60160K, reserved 1105920K
  class space    used 8038K, committed 8448K, reserved 1048576K
}
Event: 11.246 GC heap before
{Heap before GC invocations=22 (full 0):
 garbage-first heap   total 391168K, used 297261K [0x0000000709e00000, 0x0000000800000000)
  region size 2048K, 74 young (151552K), 5 survivors (10240K)
 Metaspace       used 67193K, committed 68288K, reserved 1114112K
  class space    used 9263K, committed 9728K, reserved 1048576K
}
Event: 11.253 GC heap after
{Heap after GC invocations=23 (full 0):
 garbage-first heap   total 391168K, used 162179K [0x0000000709e00000, 0x0000000800000000)
  region size 2048K, 8 young (16384K), 8 survivors (16384K)
 Metaspace       used 67193K, committed 68288K, reserved 1114112K
  class space    used 9263K, committed 9728K, reserved 1048576K
}
Event: 11.265 GC heap before
{Heap before GC invocations=23 (full 0):
 garbage-first heap   total 391168K, used 164227K [0x0000000709e00000, 0x0000000800000000)
  region size 2048K, 9 young (18432K), 8 survivors (16384K)
 Metaspace       used 67270K, committed 68352K, reserved 1114112K
  class space    used 9271K, committed 9728K, reserved 1048576K
}
Event: 11.270 GC heap after
{Heap after GC invocations=24 (full 0):
 garbage-first heap   total 391168K, used 163032K [0x0000000709e00000, 0x0000000800000000)
  region size 2048K, 2 young (4096K), 2 survivors (4096K)
 Metaspace       used 67270K, committed 68352K, reserved 1114112K
  class space    used 9271K, committed 9728K, reserved 1048576K
}

