# JRE version: OpenJDK Runtime Environment Temurin-17.0.5+8 (17.0.5+8) (build 17.0.5+8)
# Java VM: OpenJDK 64-Bit Server VM Temurin-17.0.5+8 (17.0.5+8, mixed mode, sharing, tiered, compressed oops, compressed class ptrs, g1 gc, windows-amd64)
GC Precious Log:
 CPUs: 16 total, 16 available
 Memory: 15747M
 Large Page Support: Disabled
 NUMA Support: Disabled
 Compressed Oops: Enabled (Zero based)
 Heap Region Size: 2M
 Heap Min Capacity: 8M
 Heap Initial Capacity: 248M
 Heap Max Capacity: 3938M
 Pre-touch: Disabled
 Parallel Workers: 13
 Concurrent Workers: 3
 Concurrent Refinement Workers: 13
 Periodic GC: Disabled
Heap:
 garbage-first heap   total 321536K, used 262542K [0x0000000709e00000, 0x0000000800000000)
  region size 2048K, 54 young (110592K), 3 survivors (6144K)
 Metaspace       used 65270K, committed 66432K, reserved 1105920K
  class space    used 9764K, committed 10240K, reserved 1048576K
GC Heap History (20 events):
Event: 6.998 GC heap before
{Heap before GC invocations=11 (full 0):
 garbage-first heap   total 239616K, used 186834K [0x0000000709e00000, 0x0000000800000000)
  region size 2048K, 58 young (118784K), 2 survivors (4096K)
 Metaspace       used 29201K, committed 30080K, reserved 1081344K
  class space    used 3596K, committed 3968K, reserved 1048576K
}
Event: 7.001 GC heap after
{Heap after GC invocations=12 (full 0):
 garbage-first heap   total 239616K, used 73041K [0x0000000709e00000, 0x0000000800000000)
  region size 2048K, 2 young (4096K), 2 survivors (4096K)
 Metaspace       used 29201K, committed 30080K, reserved 1081344K
  class space    used 3596K, committed 3968K, reserved 1048576K
}
Event: 7.582 GC heap before
{Heap before GC invocations=12 (full 0):
 garbage-first heap   total 239616K, used 202065K [0x0000000709e00000, 0x0000000800000000)
  region size 2048K, 60 young (122880K), 2 survivors (4096K)
 Metaspace       used 31656K, committed 32512K, reserved 1081344K
  class space    used 3905K, committed 4288K, reserved 1048576K
}
Event: 7.587 GC heap after
{Heap after GC invocations=13 (full 0):
 garbage-first heap   total 239616K, used 87763K [0x0000000709e00000, 0x0000000800000000)
  region size 2048K, 4 young (8192K), 4 survivors (8192K)
 Metaspace       used 31656K, committed 32512K, reserved 1081344K
  class space    used 3905K, committed 4288K, reserved 1048576K
}
Event: 7.983 GC heap before
{Heap before GC invocations=13 (full 0):
 garbage-first heap   total 239616K, used 192211K [0x0000000709e00000, 0x0000000800000000)
  region size 2048K, 56 young (114688K), 4 survivors (8192K)
 Metaspace       used 32206K, committed 33088K, reserved 1081344K
  class space    used 4003K, committed 4416K, reserved 1048576K
}
Event: 7.988 GC heap after
{Heap after GC invocations=14 (full 0):
 garbage-first heap   total 239616K, used 89734K [0x0000000709e00000, 0x0000000800000000)
  region size 2048K, 5 young (10240K), 5 survivors (10240K)
 Metaspace       used 32206K, committed 33088K, reserved 1081344K
  class space    used 4003K, committed 4416K, reserved 1048576K
}
Event: 8.325 GC heap before
{Heap before GC invocations=14 (full 0):
 garbage-first heap   total 239616K, used 196230K [0x0000000709e00000, 0x0000000800000000)
  region size 2048K, 57 young (116736K), 5 survivors (10240K)
 Metaspace       used 33322K, committed 34240K, reserved 1081344K
  class space    used 4121K, committed 4544K, reserved 1048576K
}
Event: 8.331 GC heap after
{Heap after GC invocations=15 (full 0):
 garbage-first heap   total 239616K, used 91583K [0x0000000709e00000, 0x0000000800000000)
  region size 2048K, 5 young (10240K), 5 survivors (10240K)
 Metaspace       used 33322K, committed 34240K, reserved 1081344K
  class space    used 4121K, committed 4544K, reserved 1048576K
}
Event: 8.632 GC heap before
{Heap before GC invocations=15 (full 0):
 garbage-first heap   total 239616K, used 134591K [0x0000000709e00000, 0x0000000800000000)
  region size 2048K, 27 young (55296K), 5 survivors (10240K)
 Metaspace       used 35044K, committed 35968K, reserved 1081344K
  class space    used 4292K, committed 4736K, reserved 1048576K
}
Event: 8.639 GC heap after
{Heap after GC invocations=16 (full 0):
 garbage-first heap   total 555008K, used 91501K [0x0000000709e00000, 0x0000000800000000)
  region size 2048K, 4 young (8192K), 4 survivors (8192K)
 Metaspace       used 35044K, committed 35968K, reserved 1081344K
  class space    used 4292K, committed 4736K, reserved 1048576K
}
Event: 10.242 GC heap before
{Heap before GC invocations=17 (full 0):
 garbage-first heap   total 321536K, used 275821K [0x0000000709e00000, 0x0000000800000000)
  region size 2048K, 94 young (192512K), 4 survivors (8192K)
 Metaspace       used 41996K, committed 42944K, reserved 1089536K
  class space    used 5515K, committed 5952K, reserved 1048576K
}
Event: 10.263 GC heap after
{Heap after GC invocations=18 (full 0):
 garbage-first heap   total 321536K, used 105371K [0x0000000709e00000, 0x0000000800000000)
  region size 2048K, 11 young (22528K), 11 survivors (22528K)
 Metaspace       used 41996K, committed 42944K, reserved 1089536K
  class space    used 5515K, committed 5952K, reserved 1048576K
}
Event: 10.853 GC heap before
{Heap before GC invocations=18 (full 0):
 garbage-first heap   total 321536K, used 265115K [0x0000000709e00000, 0x0000000800000000)
  region size 2048K, 89 young (182272K), 11 survivors (22528K)
 Metaspace       used 42639K, committed 43648K, reserved 1089536K
  class space    used 5615K, committed 6080K, reserved 1048576K
}
Event: 10.874 GC heap after
{Heap after GC invocations=19 (full 0):
 garbage-first heap   total 321536K, used 121467K [0x0000000709e00000, 0x0000000800000000)
  region size 2048K, 9 young (18432K), 9 survivors (18432K)
 Metaspace       used 42639K, committed 43648K, reserved 1089536K
  class space    used 5615K, committed 6080K, reserved 1048576K
}
Event: 11.863 GC heap before
{Heap before GC invocations=19 (full 0):
 garbage-first heap   total 321536K, used 258683K [0x0000000709e00000, 0x0000000800000000)
  region size 2048K, 76 young (155648K), 9 survivors (18432K)
 Metaspace       used 47399K, committed 48448K, reserved 1097728K
  class space    used 6325K, committed 6784K, reserved 1048576K
}
Event: 11.878 GC heap after
{Heap after GC invocations=20 (full 0):
 garbage-first heap   total 321536K, used 133529K [0x0000000709e00000, 0x0000000800000000)
  region size 2048K, 6 young (12288K), 6 survivors (12288K)
 Metaspace       used 47399K, committed 48448K, reserved 1097728K
  class space    used 6325K, committed 6784K, reserved 1048576K
}
Event: 13.632 GC heap before
{Heap before GC invocations=20 (full 0):
 garbage-first heap   total 321536K, used 260505K [0x0000000709e00000, 0x0000000800000000)
  region size 2048K, 68 young (139264K), 6 survivors (12288K)
 Metaspace       used 55480K, committed 56512K, reserved 1097728K
  class space    used 8127K, committed 8576K, reserved 1048576K
}
Event: 13.648 GC heap after
{Heap after GC invocations=21 (full 0):
 garbage-first heap   total 321536K, used 152661K [0x0000000709e00000, 0x0000000800000000)
  region size 2048K, 9 young (18432K), 9 survivors (18432K)
 Metaspace       used 55480K, committed 56512K, reserved 1097728K
  class space    used 8127K, committed 8576K, reserved 1048576K
}
Event: 14.684 GC heap before
{Heap before GC invocations=21 (full 0):
 garbage-first heap   total 321536K, used 244821K [0x0000000709e00000, 0x0000000800000000)
  region size 2048K, 55 young (112640K), 9 survivors (18432K)
 Metaspace       used 59092K, committed 60160K, reserved 1105920K
  class space    used 8808K, committed 9280K, reserved 1048576K
}
Event: 14.696 GC heap after
{Heap after GC invocations=22 (full 0):
 garbage-first heap   total 321536K, used 160142K [0x0000000709e00000, 0x0000000800000000)
  region size 2048K, 3 young (6144K), 3 survivors (6144K)
 Metaspace       used 59092K, committed 60160K, reserved 1105920K
  class space    used 8808K, committed 9280K, reserved 1048576K
}

