# JRE version: OpenJDK Runtime Environment Temurin-17.0.5+8 (17.0.5+8) (build 17.0.5+8)
# Java VM: OpenJDK 64-Bit Server VM Temurin-17.0.5+8 (17.0.5+8, mixed mode, sharing, tiered, compressed oops, compressed class ptrs, g1 gc, windows-amd64)
GC Precious Log:
 CPUs: 16 total, 16 available
 Memory: 15747M
 Large Page Support: Disabled
 NUMA Support: Disabled
 Compressed Oops: Enabled (Zero based)
 Heap Region Size: 2M
 Heap Min Capacity: 8M
 Heap Initial Capacity: 248M
 Heap Max Capacity: 3938M
 Pre-touch: Disabled
 Parallel Workers: 13
 Concurrent Workers: 3
 Concurrent Refinement Workers: 13
 Periodic GC: Disabled
Heap:
 garbage-first heap   total 317440K, used 255706K [0x0000000709e00000, 0x0000000800000000)
  region size 2048K, 49 young (100352K), 1 survivors (2048K)
 Metaspace       used 71142K, committed 72384K, reserved 1114112K
  class space    used 9761K, committed 10304K, reserved 1048576K
GC Heap History (20 events):
Event: 6.059 GC heap before
{Heap before GC invocations=14 (full 0):
 garbage-first heap   total 264192K, used 216923K [0x0000000709e00000, 0x0000000800000000)
  region size 2048K, 66 young (135168K), 3 survivors (6144K)
 Metaspace       used 32226K, committed 33152K, reserved 1081344K
  class space    used 3999K, committed 4416K, reserved 1048576K
}
Event: 6.064 GC heap after
{Heap after GC invocations=15 (full 0):
 garbage-first heap   total 264192K, used 92722K [0x0000000709e00000, 0x0000000800000000)
  region size 2048K, 5 young (10240K), 5 survivors (10240K)
 Metaspace       used 32226K, committed 33152K, reserved 1081344K
  class space    used 3999K, committed 4416K, reserved 1048576K
}
Event: 6.690 GC heap before
{Heap before GC invocations=15 (full 0):
 garbage-first heap   total 264192K, used 176690K [0x0000000709e00000, 0x0000000800000000)
  region size 2048K, 48 young (98304K), 5 survivors (10240K)
 Metaspace       used 35265K, committed 36096K, reserved 1081344K
  class space    used 4285K, committed 4672K, reserved 1048576K
}
Event: 6.695 GC heap after
{Heap after GC invocations=16 (full 0):
 garbage-first heap   total 264192K, used 94121K [0x0000000709e00000, 0x0000000800000000)
  region size 2048K, 5 young (10240K), 5 survivors (10240K)
 Metaspace       used 35265K, committed 36096K, reserved 1081344K
  class space    used 4285K, committed 4672K, reserved 1048576K
}
Event: 7.523 GC heap before
{Heap before GC invocations=17 (full 0):
 garbage-first heap   total 264192K, used 221097K [0x0000000709e00000, 0x0000000800000000)
  region size 2048K, 67 young (137216K), 5 survivors (10240K)
 Metaspace       used 42429K, committed 43392K, reserved 1089536K
  class space    used 5392K, committed 5824K, reserved 1048576K
}
Event: 7.534 GC heap after
{Heap after GC invocations=18 (full 0):
 garbage-first heap   total 264192K, used 100443K [0x0000000709e00000, 0x0000000800000000)
  region size 2048K, 8 young (16384K), 8 survivors (16384K)
 Metaspace       used 42429K, committed 43392K, reserved 1089536K
  class space    used 5392K, committed 5824K, reserved 1048576K
}
Event: 7.888 GC heap before
{Heap before GC invocations=18 (full 0):
 garbage-first heap   total 264192K, used 219227K [0x0000000709e00000, 0x0000000800000000)
  region size 2048K, 66 young (135168K), 8 survivors (16384K)
 Metaspace       used 43910K, committed 44864K, reserved 1089536K
  class space    used 5595K, committed 6016K, reserved 1048576K
}
Event: 7.908 GC heap after
{Heap after GC invocations=19 (full 0):
 garbage-first heap   total 264192K, used 112270K [0x0000000709e00000, 0x0000000800000000)
  region size 2048K, 9 young (18432K), 9 survivors (18432K)
 Metaspace       used 43910K, committed 44864K, reserved 1089536K
  class space    used 5595K, committed 6016K, reserved 1048576K
}
Event: 8.085 GC heap before
{Heap before GC invocations=19 (full 0):
 garbage-first heap   total 264192K, used 214670K [0x0000000709e00000, 0x0000000800000000)
  region size 2048K, 59 young (120832K), 9 survivors (18432K)
 Metaspace       used 44135K, committed 45120K, reserved 1089536K
  class space    used 5616K, committed 6080K, reserved 1048576K
}
Event: 8.103 GC heap after
{Heap after GC invocations=20 (full 0):
 garbage-first heap   total 317440K, used 123868K [0x0000000709e00000, 0x0000000800000000)
  region size 2048K, 6 young (12288K), 6 survivors (12288K)
 Metaspace       used 44135K, committed 45120K, reserved 1089536K
  class space    used 5616K, committed 6080K, reserved 1048576K
}
Event: 8.643 GC heap before
{Heap before GC invocations=20 (full 0):
 garbage-first heap   total 317440K, used 252892K [0x0000000709e00000, 0x0000000800000000)
  region size 2048K, 69 young (141312K), 6 survivors (12288K)
 Metaspace       used 49246K, committed 50240K, reserved 1097728K
  class space    used 6299K, committed 6720K, reserved 1048576K
}
Event: 8.652 GC heap after
{Heap after GC invocations=21 (full 0):
 garbage-first heap   total 317440K, used 135333K [0x0000000709e00000, 0x0000000800000000)
  region size 2048K, 6 young (12288K), 6 survivors (12288K)
 Metaspace       used 49246K, committed 50240K, reserved 1097728K
  class space    used 6299K, committed 6720K, reserved 1048576K
}
Event: 9.488 GC heap before
{Heap before GC invocations=21 (full 0):
 garbage-first heap   total 317440K, used 252069K [0x0000000709e00000, 0x0000000800000000)
  region size 2048K, 64 young (131072K), 6 survivors (12288K)
 Metaspace       used 57848K, committed 58816K, reserved 1105920K
  class space    used 7826K, committed 8256K, reserved 1048576K
}
Event: 9.499 GC heap after
{Heap after GC invocations=22 (full 0):
 garbage-first heap   total 317440K, used 154104K [0x0000000709e00000, 0x0000000800000000)
  region size 2048K, 8 young (16384K), 8 survivors (16384K)
 Metaspace       used 57848K, committed 58816K, reserved 1105920K
  class space    used 7826K, committed 8256K, reserved 1048576K
}
Event: 9.646 GC heap before
{Heap before GC invocations=22 (full 0):
 garbage-first heap   total 317440K, used 170488K [0x0000000709e00000, 0x0000000800000000)
  region size 2048K, 17 young (34816K), 8 survivors (16384K)
 Metaspace       used 59536K, committed 60608K, reserved 1105920K
  class space    used 8086K, committed 8576K, reserved 1048576K
}
Event: 9.653 GC heap after
{Heap after GC invocations=23 (full 0):
 garbage-first heap   total 317440K, used 158619K [0x0000000709e00000, 0x0000000800000000)
  region size 2048K, 2 young (4096K), 2 survivors (4096K)
 Metaspace       used 59536K, committed 60608K, reserved 1105920K
  class space    used 8086K, committed 8576K, reserved 1048576K
}
Event: 10.216 GC heap before
{Heap before GC invocations=24 (full 0):
 garbage-first heap   total 317440K, used 256923K [0x0000000709e00000, 0x0000000800000000)
  region size 2048K, 50 young (102400K), 2 survivors (4096K)
 Metaspace       used 63945K, committed 65024K, reserved 1105920K
  class space    used 8811K, committed 9280K, reserved 1048576K
}
Event: 10.221 GC heap after
{Heap after GC invocations=25 (full 0):
 garbage-first heap   total 317440K, used 161122K [0x0000000709e00000, 0x0000000800000000)
  region size 2048K, 3 young (6144K), 3 survivors (6144K)
 Metaspace       used 63945K, committed 65024K, reserved 1105920K
  class space    used 8811K, committed 9280K, reserved 1048576K
}
Event: 10.288 GC heap before
{Heap before GC invocations=25 (full 0):
 garbage-first heap   total 317440K, used 169314K [0x0000000709e00000, 0x0000000800000000)
  region size 2048K, 7 young (14336K), 3 survivors (6144K)
 Metaspace       used 64695K, committed 65792K, reserved 1105920K
  class space    used 8903K, committed 9408K, reserved 1048576K
}
Event: 10.292 GC heap after
{Heap after GC invocations=26 (full 0):
 garbage-first heap   total 317440K, used 161498K [0x0000000709e00000, 0x0000000800000000)
  region size 2048K, 1 young (2048K), 1 survivors (2048K)
 Metaspace       used 64695K, committed 65792K, reserved 1105920K
  class space    used 8903K, committed 9408K, reserved 1048576K
}

