# JRE version: OpenJDK Runtime Environment Temurin-17.0.5+8 (17.0.5+8) (build 17.0.5+8)
# Java VM: OpenJDK 64-Bit Server VM Temurin-17.0.5+8 (17.0.5+8, mixed mode, sharing, tiered, compressed oops, compressed class ptrs, g1 gc, windows-amd64)
GC Precious Log:
 CPUs: 16 total, 16 available
 Memory: 15747M
 Large Page Support: Disabled
 NUMA Support: Disabled
 Compressed Oops: Enabled (Zero based)
 Heap Region Size: 2M
 Heap Min Capacity: 8M
 Heap Initial Capacity: 248M
 Heap Max Capacity: 3938M
 Pre-touch: Disabled
 Parallel Workers: 13
 Concurrent Workers: 3
 Concurrent Refinement Workers: 13
 Periodic GC: Disabled
Heap:
 garbage-first heap   total 385024K, used 259834K [0x0000000709e00000, 0x0000000800000000)
  region size 2048K, 52 young (106496K), 2 survivors (4096K)
 Metaspace       used 65288K, committed 66432K, reserved 1105920K
  class space    used 9764K, committed 10240K, reserved 1048576K
GC Heap History (20 events):
Event: 5.529 GC heap before
{Heap before GC invocations=11 (full 0):
 garbage-first heap   total 239616K, used 190921K [0x0000000709e00000, 0x0000000800000000)
  region size 2048K, 60 young (122880K), 2 survivors (4096K)
 Metaspace       used 27710K, committed 28608K, reserved 1081344K
  class space    used 3375K, committed 3776K, reserved 1048576K
}
Event: 5.532 GC heap after
{Heap after GC invocations=12 (full 0):
 garbage-first heap   total 239616K, used 72761K [0x0000000709e00000, 0x0000000800000000)
  region size 2048K, 2 young (4096K), 2 survivors (4096K)
 Metaspace       used 27710K, committed 28608K, reserved 1081344K
  class space    used 3375K, committed 3776K, reserved 1048576K
}
Event: 5.833 GC heap before
{Heap before GC invocations=12 (full 0):
 garbage-first heap   total 239616K, used 195641K [0x0000000709e00000, 0x0000000800000000)
  region size 2048K, 62 young (126976K), 2 survivors (4096K)
 Metaspace       used 28724K, committed 29632K, reserved 1081344K
  class space    used 3513K, committed 3904K, reserved 1048576K
}
Event: 5.839 GC heap after
{Heap after GC invocations=13 (full 0):
 garbage-first heap   total 239616K, used 75100K [0x0000000709e00000, 0x0000000800000000)
  region size 2048K, 3 young (6144K), 3 survivors (6144K)
 Metaspace       used 28724K, committed 29632K, reserved 1081344K
  class space    used 3513K, committed 3904K, reserved 1048576K
}
Event: 6.094 GC heap before
{Heap before GC invocations=13 (full 0):
 garbage-first heap   total 239616K, used 210268K [0x0000000709e00000, 0x0000000800000000)
  region size 2048K, 63 young (129024K), 3 survivors (6144K)
 Metaspace       used 30044K, committed 30912K, reserved 1081344K
  class space    used 3717K, committed 4096K, reserved 1048576K
}
Event: 6.099 GC heap after
{Heap after GC invocations=14 (full 0):
 garbage-first heap   total 288768K, used 89737K [0x0000000709e00000, 0x0000000800000000)
  region size 2048K, 5 young (10240K), 5 survivors (10240K)
 Metaspace       used 30044K, committed 30912K, reserved 1081344K
  class space    used 3717K, committed 4096K, reserved 1048576K
}
Event: 7.171 GC heap before
{Heap before GC invocations=14 (full 0):
 garbage-first heap   total 288768K, used 151177K [0x0000000709e00000, 0x0000000800000000)
  region size 2048K, 36 young (73728K), 5 survivors (10240K)
 Metaspace       used 35031K, committed 35968K, reserved 1081344K
  class space    used 4292K, committed 4736K, reserved 1048576K
}
Event: 7.177 GC heap after
{Heap after GC invocations=15 (full 0):
 garbage-first heap   total 288768K, used 91418K [0x0000000709e00000, 0x0000000800000000)
  region size 2048K, 5 young (10240K), 5 survivors (10240K)
 Metaspace       used 35031K, committed 35968K, reserved 1081344K
  class space    used 4292K, committed 4736K, reserved 1048576K
}
Event: 8.173 GC heap before
{Heap before GC invocations=16 (full 0):
 garbage-first heap   total 288768K, used 242970K [0x0000000709e00000, 0x0000000800000000)
  region size 2048K, 79 young (161792K), 5 survivors (10240K)
 Metaspace       used 41390K, committed 42432K, reserved 1089536K
  class space    used 5409K, committed 5888K, reserved 1048576K
}
Event: 8.184 GC heap after
{Heap after GC invocations=17 (full 0):
 garbage-first heap   total 288768K, used 100916K [0x0000000709e00000, 0x0000000800000000)
  region size 2048K, 10 young (20480K), 10 survivors (20480K)
 Metaspace       used 41390K, committed 42432K, reserved 1089536K
  class space    used 5409K, committed 5888K, reserved 1048576K
}
Event: 8.614 GC heap before
{Heap before GC invocations=17 (full 0):
 garbage-first heap   total 288768K, used 236084K [0x0000000709e00000, 0x0000000800000000)
  region size 2048K, 76 young (155648K), 10 survivors (20480K)
 Metaspace       used 42531K, committed 43584K, reserved 1089536K
  class space    used 5600K, committed 6080K, reserved 1048576K
}
Event: 8.641 GC heap after
{Heap after GC invocations=18 (full 0):
 garbage-first heap   total 288768K, used 114191K [0x0000000709e00000, 0x0000000800000000)
  region size 2048K, 10 young (20480K), 10 survivors (20480K)
 Metaspace       used 42531K, committed 43584K, reserved 1089536K
  class space    used 5600K, committed 6080K, reserved 1048576K
}
Event: 8.927 GC heap before
{Heap before GC invocations=18 (full 0):
 garbage-first heap   total 288768K, used 232975K [0x0000000709e00000, 0x0000000800000000)
  region size 2048K, 68 young (139264K), 10 survivors (20480K)
 Metaspace       used 43173K, committed 44160K, reserved 1089536K
  class space    used 5687K, committed 6144K, reserved 1048576K
}
Event: 8.944 GC heap after
{Heap after GC invocations=19 (full 0):
 garbage-first heap   total 288768K, used 128193K [0x0000000709e00000, 0x0000000800000000)
  region size 2048K, 7 young (14336K), 7 survivors (14336K)
 Metaspace       used 43173K, committed 44160K, reserved 1089536K
  class space    used 5687K, committed 6144K, reserved 1048576K
}
Event: 9.856 GC heap before
{Heap before GC invocations=19 (full 0):
 garbage-first heap   total 288768K, used 230593K [0x0000000709e00000, 0x0000000800000000)
  region size 2048K, 57 young (116736K), 7 survivors (14336K)
 Metaspace       used 48078K, committed 49088K, reserved 1097728K
  class space    used 6451K, committed 6912K, reserved 1048576K
}
Event: 9.874 GC heap after
{Heap after GC invocations=20 (full 0):
 garbage-first heap   total 385024K, used 143943K [0x0000000709e00000, 0x0000000800000000)
  region size 2048K, 8 young (16384K), 8 survivors (16384K)
 Metaspace       used 48078K, committed 49088K, reserved 1097728K
  class space    used 6451K, committed 6912K, reserved 1048576K
}
Event: 11.217 GC heap before
{Heap before GC invocations=20 (full 0):
 garbage-first heap   total 385024K, used 303687K [0x0000000709e00000, 0x0000000800000000)
  region size 2048K, 86 young (176128K), 8 survivors (16384K)
 Metaspace       used 57861K, committed 58944K, reserved 1105920K
  class space    used 8545K, committed 9024K, reserved 1048576K
}
Event: 11.228 GC heap after
{Heap after GC invocations=21 (full 0):
 garbage-first heap   total 385024K, used 157186K [0x0000000709e00000, 0x0000000800000000)
  region size 2048K, 7 young (14336K), 7 survivors (14336K)
 Metaspace       used 57861K, committed 58944K, reserved 1105920K
  class space    used 8545K, committed 9024K, reserved 1048576K
}
Event: 11.439 GC heap before
{Heap before GC invocations=21 (full 0):
 garbage-first heap   total 385024K, used 192002K [0x0000000709e00000, 0x0000000800000000)
  region size 2048K, 25 young (51200K), 7 survivors (14336K)
 Metaspace       used 59218K, committed 60288K, reserved 1105920K
  class space    used 8822K, committed 9280K, reserved 1048576K
}
Event: 11.444 GC heap after
{Heap after GC invocations=22 (full 0):
 garbage-first heap   total 385024K, used 159482K [0x0000000709e00000, 0x0000000800000000)
  region size 2048K, 2 young (4096K), 2 survivors (4096K)
 Metaspace       used 59218K, committed 60288K, reserved 1105920K
  class space    used 8822K, committed 9280K, reserved 1048576K
}

